app/build/intermediates/manifest_merge_blame_file/debug/manifest-merger-blame-debug-report.txt
1<?xml version="1.0" encoding="utf-8"?>
2<manifest xmlns:android="http://schemas.android.com/apk/res/android"
3    package="ar.com.syswork.sysmobile"
4    android:versionCode="1"
5    android:versionName="1.0" >
6
7    <uses-sdk
8        android:minSdkVersion="21"
8-->src\main\AndroidManifest.xml
9        android:targetSdkVersion="30" />
9-->src\main\AndroidManifest.xml
10
11    <uses-permission android:name="android.permission.ACCESS_NETWORK_STATE" />
11-->src\main\AndroidManifest.xml:10:5-79
11-->src\main\AndroidManifest.xml:10:22-76
12    <uses-permission android:name="android.permission.INTERNET" />
12-->src\main\AndroidManifest.xml:11:5-67
12-->src\main\AndroidManifest.xml:11:22-64
13    <uses-permission android:name="android.permission.CALL_PHONE" />
13-->src\main\AndroidManifest.xml:12:5-69
13-->src\main\AndroidManifest.xml:12:22-66
14    <uses-permission android:name="android.permission.ACCESS_FINE_LOCATION" />
14-->src\main\AndroidManifest.xml:13:5-79
14-->src\main\AndroidManifest.xml:13:22-76
15    <uses-permission android:name="android.permission.ACCESS_COARSE_LOCATION" />
15-->src\main\AndroidManifest.xml:14:5-81
15-->src\main\AndroidManifest.xml:14:22-78
16    <uses-permission android:name="android.permission.CAMERA" />
16-->src\main\AndroidManifest.xml:15:5-65
16-->src\main\AndroidManifest.xml:15:22-62
17    <uses-permission android:name="android.permission.READ_PHONE_STATE" />
17-->src\main\AndroidManifest.xml:16:5-75
17-->src\main\AndroidManifest.xml:16:22-72
18    <uses-permission android:name="android.permission.VIBRATE" />
18-->src\main\AndroidManifest.xml:17:5-66
18-->src\main\AndroidManifest.xml:17:22-63
19    <uses-permission android:name="android.permission.FLASHLIGHT" />
19-->src\main\AndroidManifest.xml:18:5-69
19-->src\main\AndroidManifest.xml:18:22-66
20    <uses-permission android:name="android.permission.READ_CONTACTS" />
20-->src\main\AndroidManifest.xml:19:5-72
20-->src\main\AndroidManifest.xml:19:22-69
21    <uses-permission
21-->src\main\AndroidManifest.xml:20:5-23:40
22        android:name="android.permission.WRITE_EXTERNAL_STORAGE"
22-->src\main\AndroidManifest.xml:21:9-65
23        android:maxSdkVersion="28" />
23-->src\main\AndroidManifest.xml:22:9-35
24    <uses-permission android:name="android.permission.ACCESS_WIFI_STATE" />
24-->src\main\AndroidManifest.xml:24:5-76
24-->src\main\AndroidManifest.xml:24:22-73
25    <uses-permission android:name="android.permission.READ_EXTERNAL_STORAGE" />
25-->src\main\AndroidManifest.xml:25:5-80
25-->src\main\AndroidManifest.xml:25:22-77
26    <uses-permission android:name="android.permission.SYSTEM_ALERT_WINDOW" />
26-->src\main\AndroidManifest.xml:27:5-77
26-->src\main\AndroidManifest.xml:27:22-75
27    <uses-permission android:name="android.permission.WAKE_LOCK" />
27-->[com.evernote:android-job:1.4.2] AndroidManifest.xml:12:5-68
27-->[com.evernote:android-job:1.4.2] AndroidManifest.xml:12:22-65
28    <uses-permission android:name="android.permission.RECEIVE_BOOT_COMPLETED" />
28-->[com.evernote:android-job:1.4.2] AndroidManifest.xml:14:5-81
28-->[com.evernote:android-job:1.4.2] AndroidManifest.xml:14:22-78
29
30    <uses-feature
30-->[com.google.android.gms:play-services-maps:17.0.0] AndroidManifest.xml:26:5-28:35
31        android:glEsVersion="0x00020000"
31-->[com.google.android.gms:play-services-maps:17.0.0] AndroidManifest.xml:27:9-41
32        android:required="true" />
32-->[com.google.android.gms:play-services-maps:17.0.0] AndroidManifest.xml:28:9-32
33
34    <application
34-->src\main\AndroidManifest.xml:29:5-155:19
35        android:name="ar.com.syswork.sysmobile.shared.AppSysMobile"
35-->src\main\AndroidManifest.xml:30:9-44
36        android:allowBackup="true"
36-->src\main\AndroidManifest.xml:31:9-35
37        android:appComponentFactory="androidx.core.app.CoreComponentFactory"
37-->[androidx.core:core:1.5.0-beta01] AndroidManifest.xml:24:18-86
38        android:debuggable="true"
39        android:fullBackupContent="true"
39-->src\main\AndroidManifest.xml:32:9-41
40        android:icon="@drawable/ic_launcher"
40-->src\main\AndroidManifest.xml:33:9-45
41        android:installLocation="auto"
41-->src\main\AndroidManifest.xml:36:9-39
42        android:label="@string/app_name"
42-->src\main\AndroidManifest.xml:34:9-41
43        android:largeHeap="true"
43-->src\main\AndroidManifest.xml:37:9-33
44        android:supportsRtl="true"
44-->src\main\AndroidManifest.xml:38:9-35
45        android:theme="@style/AppBaseTheme" >
45-->src\main\AndroidManifest.xml:35:9-44
46        <provider
47            android:name="androidx.core.content.FileProvider"
47-->src\main\AndroidManifest.xml:41:13-62
48            android:authorities="ar.com.syswork.sysmobile.provider"
48-->src\main\AndroidManifest.xml:42:13-60
49            android:exported="false"
49-->src\main\AndroidManifest.xml:43:13-37
50            android:grantUriPermissions="true" >
50-->src\main\AndroidManifest.xml:44:13-47
51            <meta-data
51-->src\main\AndroidManifest.xml:45:13-47:57
52                android:name="android.support.FILE_PROVIDER_PATHS"
52-->src\main\AndroidManifest.xml:46:17-67
53                android:resource="@xml/provider_paths" />
53-->src\main\AndroidManifest.xml:47:17-55
54        </provider>
55
56        <meta-data
56-->src\main\AndroidManifest.xml:49:9-50:71
57            android:name="com.google.android.geo.API_KEY"
57-->src\main\AndroidManifest.xml:49:20-65
58            android:value="AIzaSyC93iD3G--415PtX9DDxZq0APIMSz1M5dU" />
58-->src\main\AndroidManifest.xml:50:13-68
59
60        <activity
60-->src\main\AndroidManifest.xml:51:9-60:20
61            android:name="ar.com.syswork.sysmobile.psplash.ActivitySplash"
61-->src\main\AndroidManifest.xml:52:13-51
62            android:label="@string/app_name"
62-->src\main\AndroidManifest.xml:53:13-45
63            android:theme="@style/my" >
63-->src\main\AndroidManifest.xml:54:13-38
64            <intent-filter>
64-->src\main\AndroidManifest.xml:55:13-59:29
65                <action android:name="android.intent.action.MAIN" />
65-->src\main\AndroidManifest.xml:56:17-69
65-->src\main\AndroidManifest.xml:56:25-66
66
67                <category android:name="android.intent.category.LAUNCHER" />
67-->src\main\AndroidManifest.xml:58:17-77
67-->src\main\AndroidManifest.xml:58:27-74
68            </intent-filter>
69        </activity>
70        <activity
70-->src\main\AndroidManifest.xml:61:9-65:20
71            android:name="ar.com.syswork.sysmobile.industrial.MapsActivity"
71-->src\main\AndroidManifest.xml:62:13-52
72            android:label="@string/title_activity_listavisita" >
72-->src\main\AndroidManifest.xml:63:13-63
73        </activity>
74        <activity
74-->src\main\AndroidManifest.xml:66:9-70:71
75            android:name="ar.com.syswork.sysmobile.plogin.ActivityLogin"
75-->src\main\AndroidManifest.xml:67:13-49
76            android:configChanges="orientation|screenSize"
76-->src\main\AndroidManifest.xml:68:13-59
77            android:label="@string/app_name"
77-->src\main\AndroidManifest.xml:69:13-45
78            android:windowSoftInputMode="adjustResize|stateVisible" />
78-->src\main\AndroidManifest.xml:70:13-68
79        <activity
79-->src\main\AndroidManifest.xml:71:9-74:79
80            android:name="ar.com.syswork.sysmobile.pmenuprincipal.ActivityMenuPrincipal"
80-->src\main\AndroidManifest.xml:72:13-65
81            android:configChanges="orientation|screenSize"
81-->src\main\AndroidManifest.xml:73:13-59
82            android:label="@string/title_activity_activity_pmenu_principal" />
82-->src\main\AndroidManifest.xml:74:13-76
83        <activity
83-->src\main\AndroidManifest.xml:75:9-77:70
84            android:name="ar.com.syswork.sysmobile.pconfig.ActivityConfig"
84-->src\main\AndroidManifest.xml:76:13-51
85            android:label="@string/title_activity_activity_config" />
85-->src\main\AndroidManifest.xml:77:13-67
86        <activity
86-->src\main\AndroidManifest.xml:78:9-81:81
87            android:name="ar.com.syswork.sysmobile.pconsultaclientes.ActivityConsultaClientes"
87-->src\main\AndroidManifest.xml:79:13-71
88            android:configChanges="orientation|screenSize"
88-->src\main\AndroidManifest.xml:80:13-59
89            android:label="@string/title_activity_activity_consulta_clientes" />
89-->src\main\AndroidManifest.xml:81:13-78
90        <activity
90-->src\main\AndroidManifest.xml:82:9-85:88
91            android:name="ar.com.syswork.sysmobile.pconsultagenerica.detalle.ActivityConsultaGenericaDetalle"
91-->src\main\AndroidManifest.xml:83:13-86
92            android:configChanges="orientation|screenSize"
92-->src\main\AndroidManifest.xml:84:13-59
93            android:label="@string/title_activity_activity_consulta_clientes_editar" />
93-->src\main\AndroidManifest.xml:85:13-85
94        <activity
94-->src\main\AndroidManifest.xml:86:9-89:82
95            android:name="ar.com.syswork.sysmobile.pconsultaarticulos.ActivityConsultaArticulos"
95-->src\main\AndroidManifest.xml:87:13-73
96            android:configChanges="orientation|screenSize"
96-->src\main\AndroidManifest.xml:88:13-59
97            android:label="@string/title_activity_activity_consulta_articulos" />
97-->src\main\AndroidManifest.xml:89:13-79
98        <activity
98-->src\main\AndroidManifest.xml:90:9-93:76
99            android:name="ar.com.syswork.sysmobile.pcargapedidos.ActivityCargaPedidos"
99-->src\main\AndroidManifest.xml:91:13-63
100            android:configChanges="orientation|screenSize"
100-->src\main\AndroidManifest.xml:92:13-59
101            android:label="@string/title_activity_activity_toma_pedidos" />
101-->src\main\AndroidManifest.xml:93:13-73
102        <activity
102-->src\main\AndroidManifest.xml:94:9-96:77
103            android:name="ar.com.syswork.sysmobile.plistapedidos.ActivityListaPedidos"
103-->src\main\AndroidManifest.xml:95:13-63
104            android:label="@string/title_activity_activity_lista_pedidos" />
104-->src\main\AndroidManifest.xml:96:13-74
105        <activity
105-->src\main\AndroidManifest.xml:97:9-99:75
106            android:name="ar.com.syswork.sysmobile.psincronizar.ActivitySincronizar"
106-->src\main\AndroidManifest.xml:98:13-61
107            android:label="@string/title_activity_activity_sincornizar" />
107-->src\main\AndroidManifest.xml:99:13-72
108        <activity
108-->src\main\AndroidManifest.xml:100:9-102:80
109            android:name="ar.com.syswork.sysmobile.penviapendientes.ActivityEnviaPendientes"
109-->src\main\AndroidManifest.xml:101:13-69
110            android:label="@string/title_activity_activity_envia_pendientes" />
110-->src\main\AndroidManifest.xml:102:13-77
111        <activity
111-->src\main\AndroidManifest.xml:103:9-105:80
112            android:name="ar.com.syswork.sysmobile.pconsultactacte.ActivityConsultaCtaCte"
112-->src\main\AndroidManifest.xml:104:13-67
113            android:label="@string/title_activity_activity_consulta_cta_cte" />
113-->src\main\AndroidManifest.xml:105:13-77
114        <activity
114-->src\main\AndroidManifest.xml:106:9-108:78
115            android:name="ar.com.syswork.sysmobile.pconsultastock.ActivityConsultaStock"
115-->src\main\AndroidManifest.xml:107:13-65
116            android:label="@string/title_activity_activity_consulta_stock" />
116-->src\main\AndroidManifest.xml:108:13-75
117        <activity
117-->src\main\AndroidManifest.xml:109:9-111:67
118            android:name="ar.com.syswork.sysmobile.item_cheques"
118-->src\main\AndroidManifest.xml:110:13-41
119            android:label="@string/title_activity_item_cheques" />
119-->src\main\AndroidManifest.xml:111:13-64
120        <activity
120-->src\main\AndroidManifest.xml:112:9-114:74
121            android:name="ar.com.syswork.sysmobile.pconsultactacte.dialog_chequespagos"
121-->src\main\AndroidManifest.xml:113:13-64
122            android:label="@string/title_activity_dialog_chequespagos" />
122-->src\main\AndroidManifest.xml:114:13-71
123        <activity
123-->src\main\AndroidManifest.xml:115:9-117:73
124            android:name="ar.com.syswork.sysmobile.pconsultactacte.dialog_vistaimagen"
124-->src\main\AndroidManifest.xml:116:13-63
125            android:label="@string/title_activity_dialog_vistaimagen" />
125-->src\main\AndroidManifest.xml:117:13-70
126        <activity
126-->src\main\AndroidManifest.xml:118:9-120:68
127            android:name="ar.com.syswork.sysmobile.pconsultactacte.reporte_pagos"
127-->src\main\AndroidManifest.xml:119:13-58
128            android:label="@string/title_activity_reporte_pagos" />
128-->src\main\AndroidManifest.xml:120:13-65
129        <activity
129-->src\main\AndroidManifest.xml:121:9-123:67
130            android:name="ar.com.syswork.sysmobile.item_reporte"
130-->src\main\AndroidManifest.xml:122:13-41
131            android:label="@string/title_activity_item_reporte" />
131-->src\main\AndroidManifest.xml:123:13-64
132        <activity
132-->src\main\AndroidManifest.xml:124:9-126:65
133            android:name="ar.com.syswork.sysmobile.plistainventario.InventarioActivity"
133-->src\main\AndroidManifest.xml:125:13-64
134            android:label="@string/title_activity_inventario" />
134-->src\main\AndroidManifest.xml:126:13-62
135        <activity
135-->src\main\AndroidManifest.xml:127:9-129:76
136            android:name="ar.com.syswork.sysmobile.item_lista_inventario"
136-->src\main\AndroidManifest.xml:128:13-50
137            android:label="@string/title_activity_item_lista_inventario" />
137-->src\main\AndroidManifest.xml:129:13-73
138        <activity
138-->src\main\AndroidManifest.xml:130:9-132:71
139            android:name="ar.com.syswork.sysmobile.pcargainventario.CargaInventarioActivity"
139-->src\main\AndroidManifest.xml:131:13-69
140            android:label="@string/title_activity_carga_inventario" />
140-->src\main\AndroidManifest.xml:132:13-68
141        <activity
141-->src\main\AndroidManifest.xml:133:9-135:91
142            android:name="ar.com.syswork.sysmobile.DialogSolicitarCantidadInventarioActivity"
142-->src\main\AndroidManifest.xml:134:13-70
143            android:label="@string/title_activity_dialog_solicitar_cantidad_inventario" />
143-->src\main\AndroidManifest.xml:135:13-88
144        <activity
144-->src\main\AndroidManifest.xml:136:9-138:76
145            android:name="ar.com.syswork.sysmobile.ItemCargaInventarioActivity"
145-->src\main\AndroidManifest.xml:137:13-56
146            android:label="@string/title_activity_item_carga_inventario" />
146-->src\main\AndroidManifest.xml:138:13-73
147        <activity
147-->src\main\AndroidManifest.xml:139:9-141:61
148            android:name="ar.com.syswork.sysmobile.visita"
148-->src\main\AndroidManifest.xml:140:13-35
149            android:label="@string/title_activity_visita" />
149-->src\main\AndroidManifest.xml:141:13-58
150        <activity
150-->src\main\AndroidManifest.xml:142:9-144:68
151            android:name="ar.com.syswork.sysmobile.fragment_main"
151-->src\main\AndroidManifest.xml:143:13-42
152            android:label="@string/title_activity_fragment_main" />
152-->src\main\AndroidManifest.xml:144:13-65
153        <activity
153-->src\main\AndroidManifest.xml:145:9-147:73
154            android:name="ar.com.syswork.sysmobile.item_carga_visitas"
154-->src\main\AndroidManifest.xml:146:13-47
155            android:label="@string/title_activity_item_carga_visitas" />
155-->src\main\AndroidManifest.xml:147:13-70
156        <activity
156-->src\main\AndroidManifest.xml:148:9-150:66
157            android:name="ar.com.syswork.sysmobile.plistavisitas.VisitaActivity"
157-->src\main\AndroidManifest.xml:149:13-57
158            android:label="@string/title_activity_listavisita" />
158-->src\main\AndroidManifest.xml:150:13-63
159        <activity
159-->src\main\AndroidManifest.xml:151:9-153:74
160            android:name="ar.com.syswork.sysmobile.reportepedidos.ReporteActivity"
160-->src\main\AndroidManifest.xml:152:13-59
161            android:label="@string/title_activity_listareportepedidos" />
161-->src\main\AndroidManifest.xml:153:13-71
162        <activity
162-->[androidx.compose.ui:ui-tooling:1.0.0-beta02] AndroidManifest.xml:25:9-27:39
163            android:name="androidx.compose.ui.tooling.preview.PreviewActivity"
163-->[androidx.compose.ui:ui-tooling:1.0.0-beta02] AndroidManifest.xml:26:13-79
164            android:exported="true" />
164-->[androidx.compose.ui:ui-tooling:1.0.0-beta02] AndroidManifest.xml:27:13-36
165        <activity android:name="androidx.compose.ui.tooling.data.TestActivity" />
165-->[androidx.compose.ui:ui-tooling-data:1.0.0-beta02] AndroidManifest.xml:25:9-82
165-->[androidx.compose.ui:ui-tooling-data:1.0.0-beta02] AndroidManifest.xml:25:19-79
166
167        <service
167-->[com.evernote:android-job:1.4.2] AndroidManifest.xml:17:9-20:72
168            android:name="com.evernote.android.job.v21.PlatformJobService"
168-->[com.evernote:android-job:1.4.2] AndroidManifest.xml:18:13-75
169            android:exported="false"
169-->[com.evernote:android-job:1.4.2] AndroidManifest.xml:19:13-37
170            android:permission="android.permission.BIND_JOB_SERVICE" />
170-->[com.evernote:android-job:1.4.2] AndroidManifest.xml:20:13-69
171        <service
171-->[com.evernote:android-job:1.4.2] AndroidManifest.xml:21:9-24:72
172            android:name="com.evernote.android.job.v14.PlatformAlarmService"
172-->[com.evernote:android-job:1.4.2] AndroidManifest.xml:22:13-77
173            android:exported="false"
173-->[com.evernote:android-job:1.4.2] AndroidManifest.xml:23:13-37
174            android:permission="android.permission.BIND_JOB_SERVICE" />
174-->[com.evernote:android-job:1.4.2] AndroidManifest.xml:24:13-69
175        <service
175-->[com.evernote:android-job:1.4.2] AndroidManifest.xml:25:9-27:40
176            android:name="com.evernote.android.job.v14.PlatformAlarmServiceExact"
176-->[com.evernote:android-job:1.4.2] AndroidManifest.xml:26:13-82
177            android:exported="false" />
177-->[com.evernote:android-job:1.4.2] AndroidManifest.xml:27:13-37
178
179        <receiver
179-->[com.evernote:android-job:1.4.2] AndroidManifest.xml:29:9-38:20
180            android:name="com.evernote.android.job.v14.PlatformAlarmReceiver"
180-->[com.evernote:android-job:1.4.2] AndroidManifest.xml:30:13-78
181            android:exported="false" >
181-->[com.evernote:android-job:1.4.2] AndroidManifest.xml:31:13-37
182            <intent-filter>
182-->[com.evernote:android-job:1.4.2] AndroidManifest.xml:32:13-37:29
183
184                <!-- Keep the filter for legacy intents -->
185                <action android:name="com.evernote.android.job.v14.RUN_JOB" />
185-->[com.evernote:android-job:1.4.2] AndroidManifest.xml:35:17-79
185-->[com.evernote:android-job:1.4.2] AndroidManifest.xml:35:25-76
186                <action android:name="net.vrallev.android.job.v14.RUN_JOB" />
186-->[com.evernote:android-job:1.4.2] AndroidManifest.xml:36:17-78
186-->[com.evernote:android-job:1.4.2] AndroidManifest.xml:36:25-75
187            </intent-filter>
188        </receiver>
189        <receiver
189-->[com.evernote:android-job:1.4.2] AndroidManifest.xml:39:9-48:20
190            android:name="com.evernote.android.job.JobBootReceiver"
190-->[com.evernote:android-job:1.4.2] AndroidManifest.xml:40:13-68
191            android:exported="false" >
191-->[com.evernote:android-job:1.4.2] AndroidManifest.xml:41:13-37
192            <intent-filter>
192-->[com.evernote:android-job:1.4.2] AndroidManifest.xml:42:13-47:29
193                <action android:name="android.intent.action.BOOT_COMPLETED" />
193-->[com.evernote:android-job:1.4.2] AndroidManifest.xml:43:17-79
193-->[com.evernote:android-job:1.4.2] AndroidManifest.xml:43:25-76
194                <action android:name="android.intent.action.QUICKBOOT_POWERON" />
194-->[com.evernote:android-job:1.4.2] AndroidManifest.xml:44:17-82
194-->[com.evernote:android-job:1.4.2] AndroidManifest.xml:44:25-79
195                <action android:name="com.htc.intent.action.QUICKBOOT_POWERON" />
195-->[com.evernote:android-job:1.4.2] AndroidManifest.xml:45:17-82
195-->[com.evernote:android-job:1.4.2] AndroidManifest.xml:45:25-79
196                <action android:name="android.intent.action.MY_PACKAGE_REPLACED" />
196-->[com.evernote:android-job:1.4.2] AndroidManifest.xml:46:17-84
196-->[com.evernote:android-job:1.4.2] AndroidManifest.xml:46:25-81
197            </intent-filter>
198        </receiver>
199
200        <service
200-->[com.evernote:android-job:1.4.2] AndroidManifest.xml:50:9-58:19
201            android:name="com.evernote.android.job.gcm.PlatformGcmService"
201-->[com.evernote:android-job:1.4.2] AndroidManifest.xml:51:13-75
202            android:enabled="false"
202-->[com.evernote:android-job:1.4.2] AndroidManifest.xml:52:13-36
203            android:exported="true"
203-->[com.evernote:android-job:1.4.2] AndroidManifest.xml:53:13-36
204            android:permission="com.google.android.gms.permission.BIND_NETWORK_TASK_SERVICE" >
204-->[com.evernote:android-job:1.4.2] AndroidManifest.xml:54:13-93
205            <intent-filter>
205-->[com.evernote:android-job:1.4.2] AndroidManifest.xml:55:13-57:29
206                <action android:name="com.google.android.gms.gcm.ACTION_TASK_READY" />
206-->[com.evernote:android-job:1.4.2] AndroidManifest.xml:56:17-87
206-->[com.evernote:android-job:1.4.2] AndroidManifest.xml:56:25-84
207            </intent-filter>
208        </service>
209        <service
209-->[com.evernote:android-job:1.4.2] AndroidManifest.xml:59:9-62:72
210            android:name="com.evernote.android.job.JobRescheduleService"
210-->[com.evernote:android-job:1.4.2] AndroidManifest.xml:60:13-73
211            android:exported="false"
211-->[com.evernote:android-job:1.4.2] AndroidManifest.xml:61:13-37
212            android:permission="android.permission.BIND_JOB_SERVICE" />
212-->[com.evernote:android-job:1.4.2] AndroidManifest.xml:62:13-69
213
214        <activity
214-->[com.google.android.gms:play-services-auth:19.0.0] AndroidManifest.xml:23:9-27:75
215            android:name="com.google.android.gms.auth.api.signin.internal.SignInHubActivity"
215-->[com.google.android.gms:play-services-auth:19.0.0] AndroidManifest.xml:24:13-93
216            android:excludeFromRecents="true"
216-->[com.google.android.gms:play-services-auth:19.0.0] AndroidManifest.xml:25:13-46
217            android:exported="false"
217-->[com.google.android.gms:play-services-auth:19.0.0] AndroidManifest.xml:26:13-37
218            android:theme="@android:style/Theme.Translucent.NoTitleBar" />
218-->[com.google.android.gms:play-services-auth:19.0.0] AndroidManifest.xml:27:13-72
219        <!--
220            Service handling Google Sign-In user revocation. For apps that do not integrate with
221            Google Sign-In, this service will never be started.
222        -->
223        <service
223-->[com.google.android.gms:play-services-auth:19.0.0] AndroidManifest.xml:33:9-37:51
224            android:name="com.google.android.gms.auth.api.signin.RevocationBoundService"
224-->[com.google.android.gms:play-services-auth:19.0.0] AndroidManifest.xml:34:13-89
225            android:exported="true"
225-->[com.google.android.gms:play-services-auth:19.0.0] AndroidManifest.xml:35:13-36
226            android:permission="com.google.android.gms.auth.api.signin.permission.REVOCATION_NOTIFICATION"
226-->[com.google.android.gms:play-services-auth:19.0.0] AndroidManifest.xml:36:13-107
227            android:visibleToInstantApps="true" /> <!-- Needs to be explicitly declared on P+ -->
227-->[com.google.android.gms:play-services-auth:19.0.0] AndroidManifest.xml:37:13-48
228        <uses-library
228-->[com.google.android.gms:play-services-maps:17.0.0] AndroidManifest.xml:33:9-35:40
229            android:name="org.apache.http.legacy"
229-->[com.google.android.gms:play-services-maps:17.0.0] AndroidManifest.xml:34:13-50
230            android:required="false" />
230-->[com.google.android.gms:play-services-maps:17.0.0] AndroidManifest.xml:35:13-37
231
232        <activity
232-->[com.google.android.gms:play-services-base:17.5.0] AndroidManifest.xml:23:9-26:75
233            android:name="com.google.android.gms.common.api.GoogleApiActivity"
233-->[com.google.android.gms:play-services-base:17.5.0] AndroidManifest.xml:24:13-79
234            android:exported="false"
234-->[com.google.android.gms:play-services-base:17.5.0] AndroidManifest.xml:25:13-37
235            android:theme="@android:style/Theme.Translucent.NoTitleBar" />
235-->[com.google.android.gms:play-services-base:17.5.0] AndroidManifest.xml:26:13-72
236
237        <meta-data
237-->[com.google.android.gms:play-services-basement:17.5.0] AndroidManifest.xml:23:9-25:69
238            android:name="com.google.android.gms.version"
238-->[com.google.android.gms:play-services-basement:17.5.0] AndroidManifest.xml:24:13-58
239            android:value="@integer/google_play_services_version" />
239-->[com.google.android.gms:play-services-basement:17.5.0] AndroidManifest.xml:25:13-66
240    </application>
241
242</manifest>